
         1965.00  8:25:56
         1965.00 
Unrestricted Log Likelihood         4496.77 
Restricted Log Likelihood         4482.55 
Degrees of Freedom         8.00000 
LR Stat and Pvalue         28.4251      0.000399823 
Factor Loadings

       0.0123980     -0.000526834 
     -0.00118574        0.0105304 
      0.00224481       0.00705074 
      0.00206648       0.00429237 
      0.00186809       0.00321000 
    -0.000715932       0.00493945 
      0.00410263         0.000000 
Uniquess SD

      0.00210612 
      0.00202683 
       0.0176490 
       0.0130513 
       0.0142131 
       0.0135025 
       0.0110786 



         1965.25  8:26:06
