Sample Period         1960.00          1983.99 
Sample Period         1960.00          1983.99 
Unrestricted Log Likelihood         2681.86 
Restricted Log Likelihood         2675.33 
Degrees of Freedom         8.00000 
LR Stat and Pvalue         13.0527         0.110049 
Factor Loadings

      0.00497649     -0.000819416 
     0.000688055       0.00651384 
      0.00451813       0.00383604 
     0.000354985       0.00309170 
      0.00373212       0.00162364 
      0.00401273       0.00398595 
      0.00514828         0.000000 
Uniquess SD

      0.00675060 
      0.00113637 
       0.0104645 
      0.00914469 
      0.00903650 
       0.0101938 
      0.00843581 


Sample Period         1984.00          2003.00 
Sample Period         1984.00          2003.00 
Unrestricted Log Likelihood         2556.00 
Restricted Log Likelihood         2549.66 
Degrees of Freedom         8.00000 
LR Stat and Pvalue         12.6781         0.123415 
Factor Loadings

      0.00480578      -0.00146316 
      0.00154163       0.00366393 
     -0.00115597       0.00379829 
     0.000974872       0.00265443 
    -0.000779774    -4.71749e-005 
     0.000554288      0.000555377 
      0.00206180         0.000000 
Uniquess SD

     0.000921647 
     0.000817131 
      0.00672141 
      0.00398997 
      0.00902199 
      0.00415292 
      0.00383737 


Canada ,    1  ,  3.37  ,  0.36  ,  0.00  ,  0.64  ,  2.04  ,  0.97  ,  0.00  ,  0.03 
     ,    2  ,  2.70  ,  0.45  ,  0.09  ,  0.46  ,  1.77  ,  0.92  ,  0.05  ,  0.03 
     ,    4  ,  2.01  ,  0.50  ,  0.16  ,  0.34  ,  1.71  ,  0.89  ,  0.09  ,  0.02 
     ,    8  ,  1.43  ,  0.52  ,  0.17  ,  0.31  ,  1.59  ,  0.83  ,  0.15  ,  0.02 
France ,    1  ,  2.66  ,  0.97  ,  0.00  ,  0.03  ,  1.62  ,  0.96  ,  0.00  ,  0.04 
     ,    2  ,  1.90  ,  0.87  ,  0.11  ,  0.02  ,  1.23  ,  0.93  ,  0.04  ,  0.03 
     ,    4  ,  1.29  ,  0.82  ,  0.16  ,  0.02  ,  1.11  ,  0.91  ,  0.06  ,  0.03 
     ,    8  ,  0.87  ,  0.81  ,  0.18  ,  0.01  ,  1.06  ,  0.88  ,  0.10  ,  0.02 
Germany ,    1  ,  4.81  ,  0.24  ,  0.00  ,  0.76  ,  3.12  ,  0.26  ,  0.00  ,  0.74 
     ,    2  ,  3.35  ,  0.33  ,  0.10  ,  0.57  ,  2.02  ,  0.31  ,  0.06  ,  0.63 
     ,    4  ,  2.32  ,  0.38  ,  0.15  ,  0.47  ,  1.26  ,  0.34  ,  0.07  ,  0.59 
     ,    8  ,  1.73  ,  0.41  ,  0.16  ,  0.43  ,  0.90  ,  0.39  ,  0.08  ,  0.53 
Italy ,    1  ,  3.86  ,  0.10  ,  0.00  ,  0.90  ,  1.96  ,  0.33  ,  0.00  ,  0.67 
     ,    2  ,  3.11  ,  0.10  ,  0.02  ,  0.88  ,  1.40  ,  0.41  ,  0.05  ,  0.54 
     ,    4  ,  2.42  ,  0.12  ,  0.04  ,  0.84  ,  1.09  ,  0.45  ,  0.08  ,  0.47 
     ,    8  ,  1.59  ,  0.15  ,  0.06  ,  0.80  ,  0.88  ,  0.51  ,  0.12  ,  0.37 
Japan ,    1  ,  3.96  ,  0.17  ,  0.00  ,  0.83  ,  3.62  ,  0.01  ,  0.00  ,  0.99 
     ,    2  ,  3.01  ,  0.19  ,  0.02  ,  0.79  ,  2.52  ,  0.00  ,  0.03  ,  0.97 
     ,    4  ,  2.49  ,  0.20  ,  0.02  ,  0.78  ,  1.84  ,  0.00  ,  0.03  ,  0.97 
     ,    8  ,  1.98  ,  0.20  ,  0.03  ,  0.77  ,  1.37  ,  0.01  ,  0.04  ,  0.95 
U.K. ,    1  ,  4.66  ,  0.24  ,  0.00  ,  0.76  ,  1.69  ,  0.03  ,  0.00  ,  0.97 
     ,    2  ,  3.22  ,  0.23  ,  0.03  ,  0.74  ,  1.56  ,  0.10  ,  0.00  ,  0.90 
     ,    4  ,  2.35  ,  0.24  ,  0.03  ,  0.72  ,  1.31  ,  0.20  ,  0.02  ,  0.78 
     ,    8  ,  1.71  ,  0.25  ,  0.04  ,  0.71  ,  1.22  ,  0.29  ,  0.03  ,  0.68 
U.S. ,    1  ,  3.95  ,  0.27  ,  0.00  ,  0.73  ,  1.74  ,  0.22  ,  0.00  ,  0.78 
     ,    2  ,  3.23  ,  0.31  ,  0.01  ,  0.68  ,  1.41  ,  0.29  ,  0.05  ,  0.66 
     ,    4  ,  2.55  ,  0.33  ,  0.02  ,  0.65  ,  1.29  ,  0.38  ,  0.12  ,  0.50 
     ,    8  ,  1.84  ,  0.35  ,  0.02  ,  0.63  ,  1.20  ,  0.47  ,  0.17  ,  0.36 


Canada , 1.19  , 0.50  , 0.20  , 0.30  , 1.16  , 0.80  , 0.18  , 0.02 
France , 0.74  , 0.77  , 0.21  , 0.01  , 0.76  , 0.85  , 0.14  , 0.02 
Germany , 1.34  , 0.41  , 0.19  , 0.41  , 0.72  , 0.39  , 0.10  , 0.51 
Italy , 1.46  , 0.14  , 0.06  , 0.81  , 0.67  , 0.49  , 0.13  , 0.38 
Japan , 1.49  , 0.20  , 0.03  , 0.77  , 1.07  , 0.02  , 0.05  , 0.93 
U.K. , 1.33  , 0.25  , 0.05  , 0.71  , 0.86  , 0.33  , 0.05  , 0.62 
U.S. , 1.51  , 0.34  , 0.03  , 0.63  , 0.87  , 0.44  , 0.20  , 0.37 
