Sample Period1960.00 1983.99 
Sample Period1960.00 1983.99 
Unrestricted Log Likelihood2681.86 
Restricted Log Likelihood2675.33 
Degrees of Freedom   8.00 
LR Stat and Pvalue  13.05    0.11 
Factor Loadings

   0.00    0.00 
   0.00    0.01 
   0.00    0.00 
   0.00    0.00 
   0.00    0.00 
   0.00    0.00 
   0.01    0.00 
Uniquess SD

   0.01 
   0.00 
   0.01 
   0.01 
   0.01 
   0.01 
   0.01 


Sample Period1984.00 2003.00 
Sample Period1984.00 2003.00 
Unrestricted Log Likelihood2556.00 
Restricted Log Likelihood2549.66 
Degrees of Freedom   8.00 
LR Stat and Pvalue  12.68    0.12 
Factor Loadings

   0.00    0.00 
   0.00    0.00 
   0.00    0.00 
   0.00    0.00 
   0.00    0.00 
   0.00    0.00 
   0.00    0.00 
Uniquess SD

   0.00 
   0.00 
   0.01 
   0.00 
   0.01 
   0.00 
   0.00 


Sample Period1960.00 1983.99 
Sample Period1960.00 1983.99 
Unrestricted Log Likelihood2681.86 
Restricted Log Likelihood2675.33 
Degrees of Freedom   8.00 
LR Stat and Pvalue  13.05    0.11 
Factor Loadings

   0.00    0.00 
   0.00    0.01 
   0.00    0.00 
   0.00    0.00 
   0.00    0.00 
   0.00    0.00 
   0.01    0.00 
Uniquess SD

   0.01 
   0.00 
   0.01 
   0.01 
   0.01 
   0.01 
   0.01 
Period1960.00 1983.99 
Number of Observations  91.00 
Period Specific Shocks and System
D4 Series
sd
   2.07    1.35    2.38    2.53    2.55    2.35    2.57 
Average Coherence ... All Frequencies

   1.00       .       .       .       .       .       . 
   0.37    1.00       .       .       .       .       . 
   0.63    0.61    1.00       .       .       .       . 
   0.37    0.60    0.44    1.00       .       .       . 
   0.39    0.29    0.38    0.24    1.00       .       . 
   0.41    0.60    0.56    0.32    0.40    1.00       . 
   0.77    0.45    0.64    0.29    0.38    0.47    1.00 
Correlation ... All Frequencies

   1.00       .       .       .       .       .       . 
   0.30    1.00       .       .       .       .       . 
   0.57    0.57    1.00       .       .       .       . 
   0.31    0.55    0.40    1.00       .       .       . 
   0.36    0.26    0.33    0.18    1.00       .       . 
   0.36    0.55    0.50    0.28    0.34    1.00       . 
   0.71    0.39    0.57    0.25    0.35    0.42    1.00 
BP Series
sd
   1.19    0.74    1.34    1.46    1.49    1.33    1.51 
Average Coherence ... BC Frequencies

   1.00       .       .       .       .       .       . 
   0.31    1.00       .       .       .       .       . 
   0.59    0.59    1.00       .       .       .       . 
   0.33    0.59    0.41    1.00       .       .       . 
   0.34    0.24    0.30    0.28    1.00       .       . 
   0.35    0.58    0.52    0.28    0.31    1.00       . 
   0.74    0.41    0.58    0.24    0.32    0.42    1.00 
Correlation ... BC Frequencies

   1.00       .       .       .       .       .       . 
   0.36    1.00       .       .       .       .       . 
   0.63    0.61    1.00       .       .       .       . 
   0.36    0.60    0.45    1.00       .       .       . 
   0.38    0.27    0.35    0.20    1.00       .       . 
   0.39    0.60    0.55    0.31    0.37    1.00       . 
   0.76    0.45    0.62    0.28    0.36    0.46    1.00 
Period1960.00 1983.99 
Number of Observations  91.00 
Counter factual Shock variances
D4 Series

sd
   0.95    0.83    1.41    1.22    2.34    1.11    1.29 
  Average Difference from Base  -0.95 

Average Coherence ... All Frequencies

   1.00       .       .       .       .       .       . 
   0.36    1.00       .       .       .       .       . 
   0.68    0.56    1.00       .       .       .       . 
   0.43    0.61    0.46    1.00       .       .       . 
   0.43    0.24    0.29    0.41    1.00       .       . 
   0.58    0.64    0.56    0.46    0.42    1.00       . 
   0.90    0.41    0.61    0.37    0.37    0.56    1.00 
  Average Difference from Base   0.03 

Correlation ... All Frequencies

   1.00       .       .       .       .       .       . 
   0.30    1.00       .       .       .       .       . 
   0.61    0.52    1.00       .       .       .       . 
   0.37    0.58    0.41    1.00       .       .       . 
   0.38    0.20    0.24    0.33    1.00       .       . 
   0.52    0.61    0.51    0.42    0.36    1.00       . 
   0.86    0.35    0.55    0.32    0.33    0.51    1.00 
  Average Difference from Base   0.03 

BP Series
sd
   0.55    0.45    0.79    0.71    1.37    0.63    0.76 
  Average Difference from Base  -0.54 

Average Coherence ... BC Frequencies

   1.00       .       .       .       .       .       . 
   0.30    1.00       .       .       .       .       . 
   0.63    0.54    1.00       .       .       .       . 
   0.36    0.60    0.42    1.00       .       .       . 
   0.34    0.19    0.20    0.39    1.00       .       . 
   0.51    0.62    0.52    0.42    0.32    1.00       . 
   0.88    0.36    0.55    0.31    0.29    0.50    1.00 
  Average Difference from Base   0.03 

Correlation ... BC Frequencies

   1.00       .       .       .       .       .       . 
   0.35    1.00       .       .       .       .       . 
   0.67    0.56    1.00       .       .       .       . 
   0.41    0.62    0.46    1.00       .       .       . 
   0.40    0.22    0.25    0.37    1.00       .       . 
   0.56    0.65    0.55    0.45    0.39    1.00       . 
   0.89    0.40    0.60    0.35    0.34    0.55    1.00 
  Average Difference from Base   0.03 

Period1960.00 1983.99 
Number of Observations  91.00 
Counter factual Factor variances
D4 Series

sd
   1.70    1.01    2.07    2.42    2.38    2.16    2.25 
  Average Difference from Base  -0.26 

Average Coherence ... All Frequencies

   1.00       .       .       .       .       .       . 
   0.36    1.00       .       .       .       .       . 
   0.52    0.56    1.00       .       .       .       . 
   0.32    0.61    0.38    1.00       .       .       . 
   0.26    0.21    0.24    0.19    1.00       .       . 
   0.28    0.57    0.46    0.24    0.30    1.00       . 
   0.69    0.47    0.54    0.22    0.26    0.38    1.00 
  Average Difference from Base  -0.08 

Correlation ... All Frequencies

   1.00       .       .       .       .       .       . 
   0.31    1.00       .       .       .       .       . 
   0.45    0.53    1.00       .       .       .       . 
   0.27    0.54    0.34    1.00       .       .       . 
   0.22    0.17    0.20    0.11    1.00       .       . 
   0.24    0.50    0.38    0.21    0.24    1.00       . 
   0.61    0.40    0.47    0.18    0.22    0.32    1.00 
  Average Difference from Base  -0.08 

BP Series
sd
   0.97    0.55    1.15    1.40    1.39    1.22    1.33 
  Average Difference from Base  -0.15 

Average Coherence ... BC Frequencies

   1.00       .       .       .       .       .       . 
   0.32    1.00       .       .       .       .       . 
   0.48    0.55    1.00       .       .       .       . 
   0.28    0.61    0.36    1.00       .       .       . 
   0.21    0.16    0.16    0.24    1.00       .       . 
   0.24    0.55    0.42    0.21    0.21    1.00       . 
   0.66    0.44    0.49    0.17    0.19    0.32    1.00 
  Average Difference from Base  -0.07 

Correlation ... BC Frequencies

   1.00       .       .       .       .       .       . 
   0.36    1.00       .       .       .       .       . 
   0.52    0.56    1.00       .       .       .       . 
   0.31    0.60    0.38    1.00       .       .       . 
   0.24    0.18    0.21    0.12    1.00       .       . 
   0.26    0.57    0.43    0.23    0.27    1.00       . 
   0.67    0.46    0.52    0.21    0.23    0.36    1.00 
  Average Difference from Base  -0.08 

Sample Period1984.00 2003.00 
Sample Period1984.00 2003.00 
Unrestricted Log Likelihood2556.00 
Restricted Log Likelihood2549.66 
Degrees of Freedom   8.00 
LR Stat and Pvalue  12.68    0.12 
Factor Loadings

   0.00    0.00 
   0.00    0.00 
   0.00    0.00 
   0.00    0.00 
   0.00    0.00 
   0.00    0.00 
   0.00    0.00 
Uniquess SD

   0.00 
   0.00 
   0.01 
   0.00 
   0.01 
   0.00 
   0.00 
Period1984.00 2003.00 
Number of Observations  76.00 
Period Specific Shocks and System
D4 Series
sd
   2.06    1.43    1.34    1.21    1.87    1.59    1.60 
Average Coherence ... All Frequencies

   1.00       .       .       .       .       .       . 
   0.73    1.00       .       .       .       .       . 
   0.32    0.61    1.00       .       .       .       . 
   0.64    0.88    0.58    1.00       .       .       . 
   0.20    0.18    0.34    0.21    1.00       .       . 
   0.82    0.71    0.33    0.68    0.19    1.00       . 
   0.88    0.77    0.36    0.67    0.21    0.82    1.00 
Correlation ... All Frequencies

   1.00       .       .       .       .       .       . 
   0.57    1.00       .       .       .       .       . 
   0.10    0.55    1.00       .       .       .       . 
   0.48    0.80    0.48    1.00       .       .       . 
   0.01    0.16    0.27    0.15    1.00       .       . 
   0.70    0.58    0.19    0.56    0.05    1.00       . 
   0.81    0.66    0.23    0.53    0.13    0.70    1.00 
BP Series
sd
   1.16    0.76    0.72    0.67    1.07    0.86    0.87 
Average Coherence ... BC Frequencies

   1.00       .       .       .       .       .       . 
   0.36    1.00       .       .       .       .       . 
   0.33    0.57    1.00       .       .       .       . 
   0.26    0.78    0.49    1.00       .       .       . 
   0.28    0.19    0.34    0.21    1.00       .       . 
   0.45    0.40    0.24    0.44    0.23    1.00       . 
   0.64    0.40    0.22    0.31    0.23    0.46    1.00 
Correlation ... BC Frequencies

   1.00       .       .       .       .       .       . 
   0.51    1.00       .       .       .       .       . 
   0.09    0.60    1.00       .       .       .       . 
   0.45    0.80    0.52    1.00       .       .       . 
   0.00    0.21    0.36    0.20    1.00       .       . 
   0.69    0.51    0.17    0.54    0.06    1.00       . 
   0.79    0.60    0.23    0.49    0.17    0.67    1.00 
Period1984.00 2003.00 
Number of Observations  76.00 
Counter factual Shock variances
D4 Series

sd
   4.26    2.64    2.17    2.50    2.11    3.61    3.34 
  Average Difference from Base   1.36 

Average Coherence ... All Frequencies

   1.00       .       .       .       .       .       . 
   0.81    1.00       .       .       .       .       . 
   0.46    0.67    1.00       .       .       .       . 
   0.68    0.87    0.63    1.00       .       .       . 
   0.36    0.35    0.41    0.40    1.00       .       . 
   0.79    0.77    0.43    0.71    0.37    1.00       . 
   0.86    0.80    0.46    0.67    0.45    0.81    1.00 
  Average Difference from Base   0.08 

Correlation ... All Frequencies

   1.00       .       .       .       .       .       . 
   0.66    1.00       .       .       .       .       . 
   0.24    0.58    1.00       .       .       .       . 
   0.52    0.75    0.49    1.00       .       .       . 
   0.22    0.30    0.33    0.29    1.00       .       . 
   0.67    0.62    0.25    0.57    0.22    1.00       . 
   0.76    0.68    0.29    0.51    0.33    0.68    1.00 
  Average Difference from Base   0.06 

BP Series
sd
   2.40    1.38    1.16    1.37    1.19    1.97    1.82 
  Average Difference from Base   0.74 

Average Coherence ... BC Frequencies

   1.00       .       .       .       .       .       . 
   0.48    1.00       .       .       .       .       . 
   0.36    0.57    1.00       .       .       .       . 
   0.31    0.73    0.47    1.00       .       .       . 
   0.30    0.26    0.37    0.33    1.00       .       . 
   0.39    0.45    0.23    0.45    0.27    1.00       . 
   0.56    0.41    0.24    0.29    0.36    0.48    1.00 
  Average Difference from Base   0.02 

Correlation ... BC Frequencies

   1.00       .       .       .       .       .       . 
   0.60    1.00       .       .       .       .       . 
   0.23    0.63    1.00       .       .       .       . 
   0.50    0.76    0.53    1.00       .       .       . 
   0.21    0.32    0.40    0.34    1.00       .       . 
   0.65    0.54    0.21    0.55    0.21    1.00       . 
   0.74    0.62    0.28    0.47    0.36    0.64    1.00 
  Average Difference from Base   0.05 

Period1984.00 2003.00 
Number of Observations  76.00 
Counter factual Factor variances
D4 Series

sd
   3.35    2.24    1.68    1.64    1.91    2.06    2.23 
  Average Difference from Base   0.57 

Average Coherence ... All Frequencies

   1.00       .       .       .       .       .       . 
   0.77    1.00       .       .       .       .       . 
   0.43    0.73    1.00       .       .       .       . 
   0.73    0.94    0.72    1.00       .       .       . 
   0.26    0.22    0.33    0.25    1.00       .       . 
   0.89    0.77    0.44    0.76    0.25    1.00       . 
   0.93    0.84    0.50    0.79    0.27    0.90    1.00 
  Average Difference from Base   0.07 

Correlation ... All Frequencies

   1.00       .       .       .       .       .       . 
   0.63    1.00       .       .       .       .       . 
   0.17    0.66    1.00       .       .       .       . 
   0.57    0.88    0.63    1.00       .       .       . 
   0.07    0.19    0.28    0.18    1.00       .       . 
   0.79    0.68    0.33    0.67    0.13    1.00       . 
   0.87    0.76    0.35    0.67    0.18    0.82    1.00 
  Average Difference from Base   0.09 

BP Series
sd
   1.89    1.19    0.90    0.91    1.09    1.13    1.20 
  Average Difference from Base   0.31 

Average Coherence ... BC Frequencies

   1.00       .       .       .       .       .       . 
   0.43    1.00       .       .       .       .       . 
   0.40    0.68    1.00       .       .       .       . 
   0.37    0.87    0.64    1.00       .       .       . 
   0.32    0.19    0.34    0.24    1.00       .       . 
   0.64    0.48    0.36    0.51    0.29    1.00       . 
   0.75    0.53    0.30    0.44    0.29    0.57    1.00 
  Average Difference from Base   0.09 

Correlation ... BC Frequencies

   1.00       .       .       .       .       .       . 
   0.57    1.00       .       .       .       .       . 
   0.16    0.71    1.00       .       .       .       . 
   0.55    0.88    0.67    1.00       .       .       . 
   0.06    0.22    0.35    0.22    1.00       .       . 
   0.78    0.63    0.31    0.65    0.14    1.00       . 
   0.85    0.72    0.35    0.65    0.21    0.81    1.00 
  Average Difference from Base   0.09 

i_scale difference    1.00     0.57     1.36     0.09 
