Sample Period1960.00 1983.99 
Sample Period1960.00 1983.99 
Unrestricted Log Likelihood2660.71 
Restricted Log Likelihood2654.03 
Degrees of Freedom   8.00 
LR Stat and Pvalue  13.37    0.10 
Factor Loadings

   0.00    0.00 
   0.00    0.01 
   0.01    0.00 
   0.00    0.00 
   0.00    0.00 
   0.00    0.00 
   0.01    0.00 
Uniquess SD

   0.01 
   0.00 
   0.01 
   0.01 
   0.01 
   0.01 
   0.01 


Sample Period1984.00 2003.00 
Sample Period1984.00 2003.00 
Unrestricted Log Likelihood2522.51 
Restricted Log Likelihood2519.05 
Degrees of Freedom   8.00 
LR Stat and Pvalue   6.91    0.55 
Factor Loadings

   0.01    0.00 
   0.00    0.00 
   0.00    0.00 
   0.00    0.00 
   0.00    0.00 
   0.00    0.00 
   0.00    0.00 
Uniquess SD

   0.00 
   0.00 
   0.01 
   0.00 
   0.01 
   0.00 
   0.00 


Sample Period1960.00 1983.99 
Sample Period1960.00 1983.99 
Unrestricted Log Likelihood2660.71 
Restricted Log Likelihood2654.03 
Degrees of Freedom   8.00 
LR Stat and Pvalue  13.37    0.10 
Factor Loadings

   0.00    0.00 
   0.00    0.01 
   0.01    0.00 
   0.00    0.00 
   0.00    0.00 
   0.00    0.00 
   0.01    0.00 
Uniquess SD

   0.01 
   0.00 
   0.01 
   0.01 
   0.01 
   0.01 
   0.01 


Period1960.00 1983.99 
Number of Observations  91.00 
Period Specific Shocks and System
D4 Series
sd
   1.97    1.36    2.25    2.46    2.47    2.23    2.45 
Average Coherence ... All Frequencies

   1.00       .       .       .       .       .       . 
   0.10    1.00       .       .       .       .       . 
   0.22    0.40    1.00       .       .       .       . 
   0.04    0.32    0.20    1.00       .       .       . 
   0.20    0.18    0.20    0.06    1.00       .       . 
   0.17    0.43    0.29    0.14    0.19    1.00       . 
   0.46    0.09    0.22    0.05    0.21    0.19    1.00 
Correlation ... All Frequencies

   1.00       .       .       .       .       .       . 
   0.11    1.00       .       .       .       .       . 
   0.35    0.57    1.00       .       .       .       . 
   0.07    0.39    0.31    1.00       .       .       . 
   0.30    0.20    0.27    0.08    1.00       .       . 
   0.27    0.48    0.41    0.18    0.21    1.00       . 
   0.67    0.20    0.39    0.10    0.29    0.28    1.00 
BP Series
sd
   1.13    0.75    1.25    1.42    1.45    1.24    1.44 
Average Coherence ... BC Frequencies

   1.00       .       .       .       .       .       . 
   0.13    1.00       .       .       .       .       . 
   0.36    0.62    1.00       .       .       .       . 
   0.07    0.41    0.35    1.00       .       .       . 
   0.29    0.21    0.27    0.08    1.00       .       . 
   0.29    0.49    0.43    0.19    0.21    1.00       . 
   0.71    0.20    0.40    0.10    0.28    0.28    1.00 
Correlation ... BC Frequencies

   1.00       .       .       .       .       .       . 
   0.14    1.00       .       .       .       .       . 
   0.38    0.63    1.00       .       .       .       . 
   0.08    0.42    0.35    1.00       .       .       . 
   0.31    0.21    0.28    0.08    1.00       .       . 
   0.31    0.50    0.45    0.20    0.22    1.00       . 
   0.72    0.22    0.42    0.11    0.30    0.30    1.00 
Period1960.00 1983.99 
Number of Observations  91.00 
Counter factual Shock variances
D4 Series
sd
   0.89    0.91    1.43    1.18    2.31    1.13    1.30 
Average Coherence ... All Frequencies

   1.00       .       .       .       .       .       . 
   0.18    1.00       .       .       .       .       . 
   0.29    0.41    1.00       .       .       .       . 
   0.09    0.45    0.22    1.00       .       .       . 
   0.20    0.12    0.14    0.06    1.00       .       . 
   0.28    0.57    0.36    0.26    0.16    1.00       . 
   0.63    0.10    0.23    0.06    0.18    0.27    1.00 
Correlation ... All Frequencies

   1.00       .       .       .       .       .       . 
   0.10    1.00       .       .       .       .       . 
   0.41    0.58    1.00       .       .       .       . 
   0.09    0.51    0.36    1.00       .       .       . 
   0.31    0.15    0.20    0.08    1.00       .       . 
   0.40    0.60    0.49    0.31    0.18    1.00       . 
   0.85    0.20    0.40    0.13    0.28    0.37    1.00 
BP Series
sd
   0.52    0.50    0.80    0.68    1.35    0.63    0.76 
Average Coherence ... BC Frequencies

   1.00       .       .       .       .       .       . 
   0.13    1.00       .       .       .       .       . 
   0.42    0.63    1.00       .       .       .       . 
   0.09    0.54    0.40    1.00       .       .       . 
   0.30    0.15    0.20    0.08    1.00       .       . 
   0.42    0.62    0.52    0.33    0.18    1.00       . 
   0.88    0.20    0.40    0.13    0.27    0.37    1.00 
Correlation ... BC Frequencies

   1.00       .       .       .       .       .       . 
   0.14    1.00       .       .       .       .       . 
   0.44    0.63    1.00       .       .       .       . 
   0.10    0.54    0.40    1.00       .       .       . 
   0.33    0.15    0.22    0.08    1.00       .       . 
   0.44    0.62    0.54    0.33    0.19    1.00       . 
   0.89    0.22    0.43    0.14    0.29    0.39    1.00 
Period1960.00 1983.99 
Number of Observations  91.00 
Counter factual Factor variances
D4 Series
sd
   1.69    0.94    1.96    2.38    2.32    2.02    2.18 
Average Coherence ... All Frequencies

   1.00       .       .       .       .       .       . 
   0.07    1.00       .       .       .       .       . 
   0.14    0.35    1.00       .       .       .       . 
   0.03    0.22    0.17    1.00       .       .       . 
   0.10    0.12    0.10    0.03    1.00       .       . 
   0.11    0.31    0.18    0.07    0.09    1.00       . 
   0.46    0.08    0.16    0.03    0.10    0.09    1.00 
Correlation ... All Frequencies

   1.00       .       .       .       .       .       . 
   0.10    1.00       .       .       .       .       . 
   0.24    0.48    1.00       .       .       .       . 
   0.05    0.32    0.25    1.00       .       .       . 
   0.17    0.14    0.15    0.04    1.00       .       . 
   0.17    0.36    0.26    0.11    0.10    1.00       . 
   0.58    0.17    0.28    0.07    0.17    0.17    1.00 
BP Series
sd
   0.95    0.52    1.08    1.36    1.36    1.12    1.28 
Average Coherence ... BC Frequencies

   1.00       .       .       .       .       .       . 
   0.11    1.00       .       .       .       .       . 
   0.25    0.54    1.00       .       .       .       . 
   0.05    0.34    0.29    1.00       .       .       . 
   0.17    0.14    0.15    0.04    1.00       .       . 
   0.18    0.38    0.28    0.11    0.10    1.00       . 
   0.63    0.18    0.29    0.07    0.16    0.17    1.00 
Correlation ... BC Frequencies

   1.00       .       .       .       .       .       . 
   0.12    1.00       .       .       .       .       . 
   0.27    0.55    1.00       .       .       .       . 
   0.06    0.35    0.28    1.00       .       .       . 
   0.19    0.15    0.16    0.04    1.00       .       . 
   0.20    0.38    0.30    0.12    0.11    1.00       . 
   0.64    0.20    0.32    0.08    0.18    0.19    1.00 
Sample Period1984.00 2003.00 
Sample Period1984.00 2003.00 
Unrestricted Log Likelihood2522.51 
Restricted Log Likelihood2519.05 
Degrees of Freedom   8.00 
LR Stat and Pvalue   6.91    0.55 
Factor Loadings

   0.01    0.00 
   0.00    0.00 
   0.00    0.00 
   0.00    0.00 
   0.00    0.00 
   0.00    0.00 
   0.00    0.00 
Uniquess SD

   0.00 
   0.00 
   0.01 
   0.00 
   0.01 
   0.00 
   0.00 


Period1984.00 2003.00 
Number of Observations  76.00 
Period Specific Shocks and System
D4 Series
sd
   1.88    1.20    1.36    1.10    1.93    1.49    1.43 
Average Coherence ... All Frequencies

   1.00       .       .       .       .       .       . 
   0.15    1.00       .       .       .       .       . 
   0.27    0.39    1.00       .       .       .       . 
   0.11    0.62    0.28    1.00       .       .       . 
   0.11    0.09    0.06    0.06    1.00       .       . 
   0.10    0.27    0.10    0.17    0.05    1.00       . 
   0.48    0.25    0.12    0.16    0.21    0.10    1.00 
Correlation ... All Frequencies

   1.00       .       .       .       .       .       . 
   0.22    1.00       .       .       .       .       . 
  -0.09    0.52    1.00       .       .       .       . 
   0.15    0.68    0.43    1.00       .       .       . 
   0.20    0.11    0.10    0.08    1.00       .       . 
   0.15    0.35    0.20    0.24    0.07    1.00       . 
   0.75    0.34    0.09    0.24    0.30    0.17    1.00 
BP Series
sd
   1.13    0.68    0.74    0.62    1.08    0.82    0.84 
Average Coherence ... BC Frequencies

   1.00       .       .       .       .       .       . 
   0.17    1.00       .       .       .       .       . 
   0.20    0.55    1.00       .       .       .       . 
   0.11    0.71    0.45    1.00       .       .       . 
   0.12    0.08    0.09    0.07    1.00       .       . 
   0.12    0.31    0.17    0.22    0.06    1.00       . 
   0.68    0.29    0.11    0.21    0.22    0.14    1.00 
Correlation ... BC Frequencies

   1.00       .       .       .       .       .       . 
   0.22    1.00       .       .       .       .       . 
  -0.09    0.55    1.00       .       .       .       . 
   0.15    0.69    0.48    1.00       .       .       . 
   0.20    0.12    0.12    0.09    1.00       .       . 
   0.14    0.34    0.21    0.25    0.07    1.00       . 
   0.77    0.33    0.10    0.25    0.32    0.16    1.00 
Period1984.00 2003.00 
Number of Observations  76.00 
Counter factual Shock variances
D4 Series
sd
   3.69    1.84    2.11    2.12    2.13    3.36    2.73 
Average Coherence ... All Frequencies

   1.00       .       .       .       .       .       . 
   0.17    1.00       .       .       .       .       . 
   0.20    0.36    1.00       .       .       .       . 
   0.09    0.47    0.22    1.00       .       .       . 
   0.15    0.14    0.08    0.08    1.00       .       . 
   0.07    0.19    0.10    0.10    0.08    1.00       . 
   0.35    0.23    0.13    0.11    0.34    0.06    1.00 
Correlation ... All Frequencies

   1.00       .       .       .       .       .       . 
   0.25    1.00       .       .       .       .       . 
  -0.04    0.50    1.00       .       .       .       . 
   0.14    0.55    0.35    1.00       .       .       . 
   0.28    0.17    0.14    0.10    1.00       .       . 
   0.11    0.29    0.19    0.17    0.11    1.00       . 
   0.65    0.33    0.11    0.20    0.41    0.13    1.00 
BP Series
sd
   2.22    1.04    1.14    1.19    1.20    1.86    1.61 
Average Coherence ... BC Frequencies

   1.00       .       .       .       .       .       . 
   0.20    1.00       .       .       .       .       . 
   0.14    0.52    1.00       .       .       .       . 
   0.11    0.57    0.36    1.00       .       .       . 
   0.22    0.14    0.13    0.10    1.00       .       . 
   0.08    0.24    0.16    0.14    0.09    1.00       . 
   0.56    0.27    0.12    0.16    0.39    0.10    1.00 
Correlation ... BC Frequencies

   1.00       .       .       .       .       .       . 
   0.25    1.00       .       .       .       .       . 
  -0.03    0.53    1.00       .       .       .       . 
   0.14    0.56    0.39    1.00       .       .       . 
   0.29    0.18    0.15    0.11    1.00       .       . 
   0.10    0.27    0.20    0.17    0.10    1.00       . 
   0.67    0.32    0.12    0.20    0.44    0.12    1.00 
Period1984.00 2003.00 
Number of Observations  76.00 
Counter factual Factor variances
D4 Series
sd
   2.94    1.80    1.62    1.39    1.98    1.58    1.83 
Average Coherence ... All Frequencies

   1.00       .       .       .       .       .       . 
   0.21    1.00       .       .       .       .       . 
   0.36    0.47    1.00       .       .       .       . 
   0.17    0.76    0.36    1.00       .       .       . 
   0.19    0.15    0.06    0.12    1.00       .       . 
   0.18    0.40    0.15    0.31    0.10    1.00       . 
   0.65    0.36    0.18    0.28    0.26    0.21    1.00 
Correlation ... All Frequencies

   1.00       .       .       .       .       .       . 
   0.28    1.00       .       .       .       .       . 
  -0.12    0.60    1.00       .       .       .       . 
   0.22    0.80    0.55    1.00       .       .       . 
   0.22    0.14    0.12    0.11    1.00       .       . 
   0.23    0.46    0.28    0.37    0.11    1.00       . 
   0.84    0.43    0.08    0.35    0.32    0.28    1.00 
BP Series
sd
   1.78    1.02    0.89    0.79    1.11    0.88    1.08 
Average Coherence ... BC Frequencies

   1.00       .       .       .       .       .       . 
   0.23    1.00       .       .       .       .       . 
   0.27    0.62    1.00       .       .       .       . 
   0.18    0.83    0.56    1.00       .       .       . 
   0.21    0.14    0.11    0.12    1.00       .       . 
   0.20    0.43    0.25    0.36    0.10    1.00       . 
   0.79    0.39    0.15    0.32    0.27    0.25    1.00 
Correlation ... BC Frequencies

   1.00       .       .       .       .       .       . 
   0.28    1.00       .       .       .       .       . 
  -0.12    0.64    1.00       .       .       .       . 
   0.22    0.80    0.59    1.00       .       .       . 
   0.23    0.15    0.13    0.12    1.00       .       . 
   0.23    0.46    0.28    0.37    0.11    1.00       . 
   0.85    0.42    0.09    0.35    0.34    0.27    1.00 
Sample Period1960.00 1983.99 
 Raw 4 Quarter Difs
Period 
1960.00 1983.99 
nobs  92.00 
Std X

   2.19 
   1.38 
   2.40 
   2.62 
   2.75 
   2.37 
   2.67 

   1.00    0.31    0.50    0.30    0.20    0.26    0.77 
   0.31    1.00    0.56    0.59    0.40    0.54    0.39 
   0.50    0.56    1.00    0.35    0.46    0.53    0.52 
   0.30    0.59    0.35    1.00    0.28    0.13    0.21 
   0.20    0.40    0.46    0.28    1.00    0.48    0.32 
   0.26    0.54    0.53    0.13    0.48    1.00    0.46 
   0.77    0.39    0.52    0.21    0.32    0.46    1.00 
Sample Period1984.00 2003.00 
 Raw 4 Quarter Difs
Period 
1984.00 2003.00 
nobs  76.00 
Std X

   2.05 
   1.28 
   1.41 
   1.21 
   1.90 
   1.65 
   1.63 

   1.00    0.33    0.12    0.38   -0.05    0.72    0.80 
   0.33    1.00    0.59    0.77    0.28    0.33    0.26 
   0.12    0.59    1.00    0.59    0.38    0.11    0.22 
   0.38    0.77    0.59    1.00    0.34    0.47    0.29 
  -0.05    0.28    0.38    0.34    1.00    0.09    0.02 
   0.72    0.33    0.11    0.47    0.09    1.00    0.58 
   0.80    0.26    0.22    0.29    0.02    0.58    1.00 
