
         1965.00  8:43:47

         1965.25  8:43:49

         1965.50  8:43:50

         1965.75  8:43:52

         1966.00  8:43:54

         1966.25  8:43:56

         1966.50  8:43:58

         1966.75  8:44:00

         1967.00  8:44:01

         1967.25  8:44:03

         1967.50  8:44:05

         1967.75  8:44:07

         1968.00  8:44:09

         1968.25  8:44:11

         1968.50  8:44:12

         1968.75  8:44:14

         1969.00  8:44:16

         1969.25  8:44:18

         1969.50  8:44:20

         1969.75  8:44:22

         1970.00  8:44:23

         1970.25  8:44:25

         1970.50  8:44:27

         1970.75  8:44:29

         1971.00  8:44:31

         1971.25  8:44:33

         1971.50  8:44:34

         1971.75  8:44:36

         1972.00  8:44:38

         1972.25  8:44:40

         1972.50  8:44:42

         1972.75  8:44:43

         1973.00  8:44:45

         1973.25  8:44:47

         1973.50  8:44:49

         1973.75  8:44:51

         1974.00  8:44:53

         1974.25  8:44:54

         1974.50  8:44:56

         1974.75  8:44:58

         1975.00  8:45:00

         1975.25  8:45:02

         1975.50  8:45:04

         1975.75  8:45:05

         1976.00  8:45:07

         1976.25  8:45:09

         1976.50  8:45:11

         1976.75  8:45:13

         1977.00  8:45:15

         1977.25  8:45:16

         1977.50  8:45:18

         1977.75  8:45:20

         1978.00  8:45:22

         1978.25  8:45:24

         1978.50  8:45:26

         1978.75  8:45:27

         1979.00  8:45:29

         1979.25  8:45:31

         1979.50  8:45:33

         1979.75  8:45:34

         1980.00  8:45:36

         1980.25  8:45:38

         1980.50  8:45:40

         1980.75  8:45:42

         1981.00  8:45:44

         1981.25  8:45:45

         1981.50  8:45:47

         1981.75  8:45:49

         1982.00  8:45:51

         1982.25  8:45:53

         1982.50  8:45:55

         1982.75  8:45:57

         1983.00  8:45:58

         1983.25  8:46:00

         1983.50  8:46:02

         1983.75  8:46:04

         1984.00  8:46:06

         1984.25  8:46:08

         1984.50  8:46:09

         1984.75  8:46:11

         1985.00  8:46:13

         1985.25  8:46:15

         1985.50  8:46:17

         1985.75  8:46:18

         1986.00  8:46:20

         1986.25  8:46:22

         1986.50  8:46:24

         1986.75  8:46:26

         1987.00  8:46:28

         1987.25  8:46:29

         1987.50  8:46:31

         1987.75  8:46:33

         1988.00  8:46:35

         1988.25  8:46:37

         1988.50  8:46:39

         1988.75  8:46:40

         1989.00  8:46:42

         1989.25  8:46:44

         1989.50  8:46:46

         1989.75  8:46:48

         1990.00  8:46:50

         1990.25  8:46:51

         1990.50  8:46:53

         1990.75  8:46:55

         1991.00  8:46:57

         1991.25  8:46:59

         1991.50  8:47:01

         1991.75  8:47:02

         1992.00  8:47:04

         1992.25  8:47:06

         1992.50  8:47:08

         1992.75  8:47:10

         1993.00  8:47:11

         1993.25  8:47:13

         1993.50  8:47:15

         1993.75  8:47:17

         1994.00  8:47:19

         1994.25  8:47:21

         1994.50  8:47:22

         1994.75  8:47:24

         1995.00  8:47:26

         1995.25  8:47:28

         1995.50  8:47:30

         1995.75  8:47:32
